I, [2020-09-12T21:17:55.989629 #79187]  INFO -- Kitchen: -----> Starting Test Kitchen (v2.6.0)
I, [2020-09-12T21:17:57.425387 #79187]  INFO -- Kitchen: -----> Verifying <hardened-rhel-7-couchbase-602-enterprise>...
I, [2020-09-12T21:17:59.312022 #79187]  INFO -- Kitchen: -----> Verifying <hardened-rhel-7-couchbase-660-enterprise>...
I, [2020-09-12T21:17:59.977818 #79187]  INFO -- Kitchen: -----> Verifying <vanilla-rhel-7-couchbase-602-enterprise>...
I, [2020-09-12T21:18:00.633915 #79187]  INFO -- Kitchen: -----> Verifying <vanilla-rhel-7-couchbase-660-enterprise>...
E, [2020-09-12T21:18:01.294603 #79187] ERROR -- Kitchen: ------Exception-------
E, [2020-09-12T21:18:01.294626 #79187] ERROR -- Kitchen: Class: Kitchen::ActionFailed
E, [2020-09-12T21:18:01.294638 #79187] ERROR -- Kitchen: Message: 4 actions failed.
>>>>>>     Verify failed on instance <hardened-rhel-7-couchbase-602-enterprise>.  Please see .kitchen/logs/hardened-rhel-7-couchbase-602-enterprise.log for more details
>>>>>>     Verify failed on instance <hardened-rhel-7-couchbase-660-enterprise>.  Please see .kitchen/logs/hardened-rhel-7-couchbase-660-enterprise.log for more details
>>>>>>     Verify failed on instance <vanilla-rhel-7-couchbase-602-enterprise>.  Please see .kitchen/logs/vanilla-rhel-7-couchbase-602-enterprise.log for more details
>>>>>>     Verify failed on instance <vanilla-rhel-7-couchbase-660-enterprise>.  Please see .kitchen/logs/vanilla-rhel-7-couchbase-660-enterprise.log for more details
E, [2020-09-12T21:18:01.294650 #79187] ERROR -- Kitchen: ----------------------
E, [2020-09-12T21:18:01.294659 #79187] ERROR -- Kitchen: ------Backtrace-------
E, [2020-09-12T21:18:01.294669 #79187] ERROR -- Kitchen: /opt/chef-workstation/embedded/lib/ruby/gems/2.7.0/gems/test-kitchen-2.6.0/lib/kitchen/command.rb:183:in `report_errors'
E, [2020-09-12T21:18:01.294679 #79187] ERROR -- Kitchen: /opt/chef-workstation/embedded/lib/ruby/gems/2.7.0/gems/test-kitchen-2.6.0/lib/kitchen/command.rb:174:in `run_action'
E, [2020-09-12T21:18:01.294689 #79187] ERROR -- Kitchen: /opt/chef-workstation/embedded/lib/ruby/gems/2.7.0/gems/test-kitchen-2.6.0/lib/kitchen/command/action.rb:35:in `block in call'
E, [2020-09-12T21:18:01.294699 #79187] ERROR -- Kitchen: /opt/chef-workstation/embedded/lib/ruby/2.7.0/benchmark.rb:293:in `measure'
E, [2020-09-12T21:18:01.294708 #79187] ERROR -- Kitchen: /opt/chef-workstation/embedded/lib/ruby/gems/2.7.0/gems/test-kitchen-2.6.0/lib/kitchen/command/action.rb:33:in `call'
E, [2020-09-12T21:18:01.294718 #79187] ERROR -- Kitchen: /opt/chef-workstation/embedded/lib/ruby/gems/2.7.0/gems/test-kitchen-2.6.0/lib/kitchen/cli.rb:51:in `perform'
E, [2020-09-12T21:18:01.294728 #79187] ERROR -- Kitchen: /opt/chef-workstation/embedded/lib/ruby/gems/2.7.0/gems/test-kitchen-2.6.0/lib/kitchen/cli.rb:197:in `block (2 levels) in <class:CLI>'
E, [2020-09-12T21:18:01.294737 #79187] ERROR -- Kitchen: /opt/chef-workstation/embedded/lib/ruby/gems/2.7.0/gems/thor-1.0.1/lib/thor/command.rb:27:in `run'
E, [2020-09-12T21:18:01.294747 #79187] ERROR -- Kitchen: /opt/chef-workstation/embedded/lib/ruby/gems/2.7.0/gems/thor-1.0.1/lib/thor/invocation.rb:127:in `invoke_command'
E, [2020-09-12T21:18:01.294756 #79187] ERROR -- Kitchen: /opt/chef-workstation/embedded/lib/ruby/gems/2.7.0/gems/thor-1.0.1/lib/thor.rb:392:in `dispatch'
E, [2020-09-12T21:18:01.294766 #79187] ERROR -- Kitchen: /opt/chef-workstation/embedded/lib/ruby/gems/2.7.0/gems/thor-1.0.1/lib/thor/base.rb:485:in `start'
E, [2020-09-12T21:18:01.294775 #79187] ERROR -- Kitchen: /opt/chef-workstation/embedded/lib/ruby/gems/2.7.0/gems/test-kitchen-2.6.0/bin/kitchen:11:in `block in <top (required)>'
E, [2020-09-12T21:18:01.294785 #79187] ERROR -- Kitchen: /opt/chef-workstation/embedded/lib/ruby/gems/2.7.0/gems/test-kitchen-2.6.0/lib/kitchen/errors.rb:170:in `with_friendly_errors'
E, [2020-09-12T21:18:01.294795 #79187] ERROR -- Kitchen: /opt/chef-workstation/embedded/lib/ruby/gems/2.7.0/gems/test-kitchen-2.6.0/bin/kitchen:11:in `<top (required)>'
E, [2020-09-12T21:18:01.294804 #79187] ERROR -- Kitchen: /usr/local/bin/kitchen:354:in `load'
E, [2020-09-12T21:18:01.294824 #79187] ERROR -- Kitchen: /usr/local/bin/kitchen:354:in `<main>'
E, [2020-09-12T21:18:01.294835 #79187] ERROR -- Kitchen: ----End Backtrace-----
E, [2020-09-12T21:18:01.294844 #79187] ERROR -- Kitchen: -Composite Exception--
E, [2020-09-12T21:18:01.294852 #79187] ERROR -- Kitchen: Class: Kitchen::InstanceFailure
E, [2020-09-12T21:18:01.294861 #79187] ERROR -- Kitchen: Message: Verify failed on instance <hardened-rhel-7-couchbase-602-enterprise>.  Please see .kitchen/logs/hardened-rhel-7-couchbase-602-enterprise.log for more details
E, [2020-09-12T21:18:01.294871 #79187] ERROR -- Kitchen: ----------------------
E, [2020-09-12T21:18:01.294880 #79187] ERROR -- Kitchen: ------Backtrace-------
E, [2020-09-12T21:18:01.294889 #79187] ERROR -- Kitchen: /opt/chef-workstation/embedded/lib/ruby/gems/2.7.0/gems/kitchen-inspec-2.0.0/lib/kitchen/verifier/inspec.rb:108:in `call'
E, [2020-09-12T21:18:01.294898 #79187] ERROR -- Kitchen: /opt/chef-workstation/embedded/lib/ruby/gems/2.7.0/gems/test-kitchen-2.6.0/lib/kitchen/instance.rb:458:in `block in verify_action'
E, [2020-09-12T21:18:01.294916 #79187] ERROR -- Kitchen: /opt/chef-workstation/embedded/lib/ruby/gems/2.7.0/gems/test-kitchen-2.6.0/lib/kitchen/instance.rb:551:in `synchronize_or_call'
E, [2020-09-12T21:18:01.294927 #79187] ERROR -- Kitchen: /opt/chef-workstation/embedded/lib/ruby/gems/2.7.0/gems/test-kitchen-2.6.0/lib/kitchen/instance.rb:513:in `block in action'
E, [2020-09-12T21:18:01.294936 #79187] ERROR -- Kitchen: /opt/chef-workstation/embedded/lib/ruby/2.7.0/benchmark.rb:293:in `measure'
E, [2020-09-12T21:18:01.294946 #79187] ERROR -- Kitchen: /opt/chef-workstation/embedded/lib/ruby/gems/2.7.0/gems/test-kitchen-2.6.0/lib/kitchen/instance.rb:512:in `action'
E, [2020-09-12T21:18:01.294955 #79187] ERROR -- Kitchen: /opt/chef-workstation/embedded/lib/ruby/gems/2.7.0/gems/test-kitchen-2.6.0/lib/kitchen/instance.rb:450:in `verify_action'
E, [2020-09-12T21:18:01.294965 #79187] ERROR -- Kitchen: /opt/chef-workstation/embedded/lib/ruby/gems/2.7.0/gems/test-kitchen-2.6.0/lib/kitchen/instance.rb:381:in `block (2 levels) in transition_to'
E, [2020-09-12T21:18:01.294974 #79187] ERROR -- Kitchen: /opt/chef-workstation/embedded/lib/ruby/gems/2.7.0/gems/test-kitchen-2.6.0/lib/kitchen/lifecycle_hooks.rb:44:in `run_with_hooks'
E, [2020-09-12T21:18:01.294984 #79187] ERROR -- Kitchen: /opt/chef-workstation/embedded/lib/ruby/gems/2.7.0/gems/test-kitchen-2.6.0/lib/kitchen/instance.rb:380:in `block in transition_to'
E, [2020-09-12T21:18:01.294994 #79187] ERROR -- Kitchen: /opt/chef-workstation/embedded/lib/ruby/gems/2.7.0/gems/test-kitchen-2.6.0/lib/kitchen/instance.rb:379:in `each'
E, [2020-09-12T21:18:01.295006 #79187] ERROR -- Kitchen: /opt/chef-workstation/embedded/lib/ruby/gems/2.7.0/gems/test-kitchen-2.6.0/lib/kitchen/instance.rb:379:in `transition_to'
E, [2020-09-12T21:18:01.295016 #79187] ERROR -- Kitchen: /opt/chef-workstation/embedded/lib/ruby/gems/2.7.0/gems/test-kitchen-2.6.0/lib/kitchen/instance.rb:161:in `verify'
E, [2020-09-12T21:18:01.295026 #79187] ERROR -- Kitchen: /opt/chef-workstation/embedded/lib/ruby/gems/2.7.0/gems/test-kitchen-2.6.0/lib/kitchen/command.rb:197:in `public_send'
E, [2020-09-12T21:18:01.295035 #79187] ERROR -- Kitchen: /opt/chef-workstation/embedded/lib/ruby/gems/2.7.0/gems/test-kitchen-2.6.0/lib/kitchen/command.rb:197:in `run_action_in_thread'
E, [2020-09-12T21:18:01.295045 #79187] ERROR -- Kitchen: /opt/chef-workstation/embedded/lib/ruby/gems/2.7.0/gems/test-kitchen-2.6.0/lib/kitchen/command.rb:168:in `block (2 levels) in run_action'
E, [2020-09-12T21:18:01.295054 #79187] ERROR -- Kitchen: /opt/chef-workstation/embedded/lib/ruby/gems/2.7.0/gems/logging-2.3.0/lib/logging/diagnostic_context.rb:474:in `block in create_with_logging_context'
E, [2020-09-12T21:18:01.295064 #79187] ERROR -- Kitchen: ----End Backtrace-----
E, [2020-09-12T21:18:01.295073 #79187] ERROR -- Kitchen: ---Nested Exception---
E, [2020-09-12T21:18:01.295082 #79187] ERROR -- Kitchen: Class: Kitchen::ActionFailed
E, [2020-09-12T21:18:01.295090 #79187] ERROR -- Kitchen: Message: InSpec Runner returns 1
E, [2020-09-12T21:18:01.295108 #79187] ERROR -- Kitchen: ----------------------
E, [2020-09-12T21:18:01.295118 #79187] ERROR -- Kitchen: ------Backtrace-------
E, [2020-09-12T21:18:01.295127 #79187] ERROR -- Kitchen: /opt/chef-workstation/embedded/lib/ruby/gems/2.7.0/gems/kitchen-inspec-2.0.0/lib/kitchen/verifier/inspec.rb:108:in `call'
E, [2020-09-12T21:18:01.295136 #79187] ERROR -- Kitchen: /opt/chef-workstation/embedded/lib/ruby/gems/2.7.0/gems/test-kitchen-2.6.0/lib/kitchen/instance.rb:458:in `block in verify_action'
E, [2020-09-12T21:18:01.295146 #79187] ERROR -- Kitchen: /opt/chef-workstation/embedded/lib/ruby/gems/2.7.0/gems/test-kitchen-2.6.0/lib/kitchen/instance.rb:551:in `synchronize_or_call'
E, [2020-09-12T21:18:01.295156 #79187] ERROR -- Kitchen: /opt/chef-workstation/embedded/lib/ruby/gems/2.7.0/gems/test-kitchen-2.6.0/lib/kitchen/instance.rb:513:in `block in action'
E, [2020-09-12T21:18:01.295166 #79187] ERROR -- Kitchen: /opt/chef-workstation/embedded/lib/ruby/2.7.0/benchmark.rb:293:in `measure'
E, [2020-09-12T21:18:01.295175 #79187] ERROR -- Kitchen: /opt/chef-workstation/embedded/lib/ruby/gems/2.7.0/gems/test-kitchen-2.6.0/lib/kitchen/instance.rb:512:in `action'
E, [2020-09-12T21:18:01.295185 #79187] ERROR -- Kitchen: /opt/chef-workstation/embedded/lib/ruby/gems/2.7.0/gems/test-kitchen-2.6.0/lib/kitchen/instance.rb:450:in `verify_action'
E, [2020-09-12T21:18:01.295194 #79187] ERROR -- Kitchen: /opt/chef-workstation/embedded/lib/ruby/gems/2.7.0/gems/test-kitchen-2.6.0/lib/kitchen/instance.rb:381:in `block (2 levels) in transition_to'
E, [2020-09-12T21:18:01.295204 #79187] ERROR -- Kitchen: /opt/chef-workstation/embedded/lib/ruby/gems/2.7.0/gems/test-kitchen-2.6.0/lib/kitchen/lifecycle_hooks.rb:44:in `run_with_hooks'
E, [2020-09-12T21:18:01.295213 #79187] ERROR -- Kitchen: /opt/chef-workstation/embedded/lib/ruby/gems/2.7.0/gems/test-kitchen-2.6.0/lib/kitchen/instance.rb:380:in `block in transition_to'
E, [2020-09-12T21:18:01.295223 #79187] ERROR -- Kitchen: /opt/chef-workstation/embedded/lib/ruby/gems/2.7.0/gems/test-kitchen-2.6.0/lib/kitchen/instance.rb:379:in `each'
E, [2020-09-12T21:18:01.295232 #79187] ERROR -- Kitchen: /opt/chef-workstation/embedded/lib/ruby/gems/2.7.0/gems/test-kitchen-2.6.0/lib/kitchen/instance.rb:379:in `transition_to'
E, [2020-09-12T21:18:01.295242 #79187] ERROR -- Kitchen: /opt/chef-workstation/embedded/lib/ruby/gems/2.7.0/gems/test-kitchen-2.6.0/lib/kitchen/instance.rb:161:in `verify'
E, [2020-09-12T21:18:01.295252 #79187] ERROR -- Kitchen: /opt/chef-workstation/embedded/lib/ruby/gems/2.7.0/gems/test-kitchen-2.6.0/lib/kitchen/command.rb:197:in `public_send'
E, [2020-09-12T21:18:01.295261 #79187] ERROR -- Kitchen: /opt/chef-workstation/embedded/lib/ruby/gems/2.7.0/gems/test-kitchen-2.6.0/lib/kitchen/command.rb:197:in `run_action_in_thread'
E, [2020-09-12T21:18:01.295271 #79187] ERROR -- Kitchen: /opt/chef-workstation/embedded/lib/ruby/gems/2.7.0/gems/test-kitchen-2.6.0/lib/kitchen/command.rb:168:in `block (2 levels) in run_action'
E, [2020-09-12T21:18:01.295280 #79187] ERROR -- Kitchen: /opt/chef-workstation/embedded/lib/ruby/gems/2.7.0/gems/logging-2.3.0/lib/logging/diagnostic_context.rb:474:in `block in create_with_logging_context'
E, [2020-09-12T21:18:01.295290 #79187] ERROR -- Kitchen: ----End Backtrace-----
E, [2020-09-12T21:18:01.295299 #79187] ERROR -- Kitchen: -Composite Exception--
E, [2020-09-12T21:18:01.295308 #79187] ERROR -- Kitchen: Class: Kitchen::InstanceFailure
E, [2020-09-12T21:18:01.295317 #79187] ERROR -- Kitchen: Message: Verify failed on instance <hardened-rhel-7-couchbase-660-enterprise>.  Please see .kitchen/logs/hardened-rhel-7-couchbase-660-enterprise.log for more details
E, [2020-09-12T21:18:01.295327 #79187] ERROR -- Kitchen: ----------------------
E, [2020-09-12T21:18:01.295335 #79187] ERROR -- Kitchen: ------Backtrace-------
E, [2020-09-12T21:18:01.295345 #79187] ERROR -- Kitchen: /opt/chef-workstation/embedded/lib/ruby/gems/2.7.0/gems/kitchen-inspec-2.0.0/lib/kitchen/verifier/inspec.rb:108:in `call'
E, [2020-09-12T21:18:01.295362 #79187] ERROR -- Kitchen: /opt/chef-workstation/embedded/lib/ruby/gems/2.7.0/gems/test-kitchen-2.6.0/lib/kitchen/instance.rb:458:in `block in verify_action'
E, [2020-09-12T21:18:01.295382 #79187] ERROR -- Kitchen: /opt/chef-workstation/embedded/lib/ruby/gems/2.7.0/gems/test-kitchen-2.6.0/lib/kitchen/instance.rb:551:in `synchronize_or_call'
E, [2020-09-12T21:18:01.295392 #79187] ERROR -- Kitchen: /opt/chef-workstation/embedded/lib/ruby/gems/2.7.0/gems/test-kitchen-2.6.0/lib/kitchen/instance.rb:513:in `block in action'
E, [2020-09-12T21:18:01.295402 #79187] ERROR -- Kitchen: /opt/chef-workstation/embedded/lib/ruby/2.7.0/benchmark.rb:293:in `measure'
E, [2020-09-12T21:18:01.295411 #79187] ERROR -- Kitchen: /opt/chef-workstation/embedded/lib/ruby/gems/2.7.0/gems/test-kitchen-2.6.0/lib/kitchen/instance.rb:512:in `action'
E, [2020-09-12T21:18:01.295421 #79187] ERROR -- Kitchen: /opt/chef-workstation/embedded/lib/ruby/gems/2.7.0/gems/test-kitchen-2.6.0/lib/kitchen/instance.rb:450:in `verify_action'
E, [2020-09-12T21:18:01.295431 #79187] ERROR -- Kitchen: /opt/chef-workstation/embedded/lib/ruby/gems/2.7.0/gems/test-kitchen-2.6.0/lib/kitchen/instance.rb:381:in `block (2 levels) in transition_to'
E, [2020-09-12T21:18:01.295441 #79187] ERROR -- Kitchen: /opt/chef-workstation/embedded/lib/ruby/gems/2.7.0/gems/test-kitchen-2.6.0/lib/kitchen/lifecycle_hooks.rb:44:in `run_with_hooks'
E, [2020-09-12T21:18:01.295451 #79187] ERROR -- Kitchen: /opt/chef-workstation/embedded/lib/ruby/gems/2.7.0/gems/test-kitchen-2.6.0/lib/kitchen/instance.rb:380:in `block in transition_to'
E, [2020-09-12T21:18:01.295460 #79187] ERROR -- Kitchen: /opt/chef-workstation/embedded/lib/ruby/gems/2.7.0/gems/test-kitchen-2.6.0/lib/kitchen/instance.rb:379:in `each'
E, [2020-09-12T21:18:01.295470 #79187] ERROR -- Kitchen: /opt/chef-workstation/embedded/lib/ruby/gems/2.7.0/gems/test-kitchen-2.6.0/lib/kitchen/instance.rb:379:in `transition_to'
E, [2020-09-12T21:18:01.295480 #79187] ERROR -- Kitchen: /opt/chef-workstation/embedded/lib/ruby/gems/2.7.0/gems/test-kitchen-2.6.0/lib/kitchen/instance.rb:161:in `verify'
E, [2020-09-12T21:18:01.295490 #79187] ERROR -- Kitchen: /opt/chef-workstation/embedded/lib/ruby/gems/2.7.0/gems/test-kitchen-2.6.0/lib/kitchen/command.rb:197:in `public_send'
E, [2020-09-12T21:18:01.295499 #79187] ERROR -- Kitchen: /opt/chef-workstation/embedded/lib/ruby/gems/2.7.0/gems/test-kitchen-2.6.0/lib/kitchen/command.rb:197:in `run_action_in_thread'
E, [2020-09-12T21:18:01.295509 #79187] ERROR -- Kitchen: /opt/chef-workstation/embedded/lib/ruby/gems/2.7.0/gems/test-kitchen-2.6.0/lib/kitchen/command.rb:168:in `block (2 levels) in run_action'
E, [2020-09-12T21:18:01.295518 #79187] ERROR -- Kitchen: /opt/chef-workstation/embedded/lib/ruby/gems/2.7.0/gems/logging-2.3.0/lib/logging/diagnostic_context.rb:474:in `block in create_with_logging_context'
E, [2020-09-12T21:18:01.295528 #79187] ERROR -- Kitchen: ----End Backtrace-----
E, [2020-09-12T21:18:01.295537 #79187] ERROR -- Kitchen: ---Nested Exception---
E, [2020-09-12T21:18:01.295546 #79187] ERROR -- Kitchen: Class: Kitchen::ActionFailed
E, [2020-09-12T21:18:01.295555 #79187] ERROR -- Kitchen: Message: InSpec Runner returns 1
E, [2020-09-12T21:18:01.295564 #79187] ERROR -- Kitchen: ----------------------
E, [2020-09-12T21:18:01.295573 #79187] ERROR -- Kitchen: ------Backtrace-------
E, [2020-09-12T21:18:01.295582 #79187] ERROR -- Kitchen: /opt/chef-workstation/embedded/lib/ruby/gems/2.7.0/gems/kitchen-inspec-2.0.0/lib/kitchen/verifier/inspec.rb:108:in `call'
E, [2020-09-12T21:18:01.295592 #79187] ERROR -- Kitchen: /opt/chef-workstation/embedded/lib/ruby/gems/2.7.0/gems/test-kitchen-2.6.0/lib/kitchen/instance.rb:458:in `block in verify_action'
E, [2020-09-12T21:18:01.295601 #79187] ERROR -- Kitchen: /opt/chef-workstation/embedded/lib/ruby/gems/2.7.0/gems/test-kitchen-2.6.0/lib/kitchen/instance.rb:551:in `synchronize_or_call'
E, [2020-09-12T21:18:01.295611 #79187] ERROR -- Kitchen: /opt/chef-workstation/embedded/lib/ruby/gems/2.7.0/gems/test-kitchen-2.6.0/lib/kitchen/instance.rb:513:in `block in action'
E, [2020-09-12T21:18:01.295628 #79187] ERROR -- Kitchen: /opt/chef-workstation/embedded/lib/ruby/2.7.0/benchmark.rb:293:in `measure'
E, [2020-09-12T21:18:01.295638 #79187] ERROR -- Kitchen: /opt/chef-workstation/embedded/lib/ruby/gems/2.7.0/gems/test-kitchen-2.6.0/lib/kitchen/instance.rb:512:in `action'
E, [2020-09-12T21:18:01.295648 #79187] ERROR -- Kitchen: /opt/chef-workstation/embedded/lib/ruby/gems/2.7.0/gems/test-kitchen-2.6.0/lib/kitchen/instance.rb:450:in `verify_action'
E, [2020-09-12T21:18:01.295658 #79187] ERROR -- Kitchen: /opt/chef-workstation/embedded/lib/ruby/gems/2.7.0/gems/test-kitchen-2.6.0/lib/kitchen/instance.rb:381:in `block (2 levels) in transition_to'
E, [2020-09-12T21:18:01.295667 #79187] ERROR -- Kitchen: /opt/chef-workstation/embedded/lib/ruby/gems/2.7.0/gems/test-kitchen-2.6.0/lib/kitchen/lifecycle_hooks.rb:44:in `run_with_hooks'
E, [2020-09-12T21:18:01.295677 #79187] ERROR -- Kitchen: /opt/chef-workstation/embedded/lib/ruby/gems/2.7.0/gems/test-kitchen-2.6.0/lib/kitchen/instance.rb:380:in `block in transition_to'
E, [2020-09-12T21:18:01.295686 #79187] ERROR -- Kitchen: /opt/chef-workstation/embedded/lib/ruby/gems/2.7.0/gems/test-kitchen-2.6.0/lib/kitchen/instance.rb:379:in `each'
E, [2020-09-12T21:18:01.295696 #79187] ERROR -- Kitchen: /opt/chef-workstation/embedded/lib/ruby/gems/2.7.0/gems/test-kitchen-2.6.0/lib/kitchen/instance.rb:379:in `transition_to'
E, [2020-09-12T21:18:01.295705 #79187] ERROR -- Kitchen: /opt/chef-workstation/embedded/lib/ruby/gems/2.7.0/gems/test-kitchen-2.6.0/lib/kitchen/instance.rb:161:in `verify'
E, [2020-09-12T21:18:01.295715 #79187] ERROR -- Kitchen: /opt/chef-workstation/embedded/lib/ruby/gems/2.7.0/gems/test-kitchen-2.6.0/lib/kitchen/command.rb:197:in `public_send'
E, [2020-09-12T21:18:01.295724 #79187] ERROR -- Kitchen: /opt/chef-workstation/embedded/lib/ruby/gems/2.7.0/gems/test-kitchen-2.6.0/lib/kitchen/command.rb:197:in `run_action_in_thread'
E, [2020-09-12T21:18:01.295733 #79187] ERROR -- Kitchen: /opt/chef-workstation/embedded/lib/ruby/gems/2.7.0/gems/test-kitchen-2.6.0/lib/kitchen/command.rb:168:in `block (2 levels) in run_action'
E, [2020-09-12T21:18:01.295743 #79187] ERROR -- Kitchen: /opt/chef-workstation/embedded/lib/ruby/gems/2.7.0/gems/logging-2.3.0/lib/logging/diagnostic_context.rb:474:in `block in create_with_logging_context'
E, [2020-09-12T21:18:01.295752 #79187] ERROR -- Kitchen: ----End Backtrace-----
E, [2020-09-12T21:18:01.295761 #79187] ERROR -- Kitchen: -Composite Exception--
E, [2020-09-12T21:18:01.295770 #79187] ERROR -- Kitchen: Class: Kitchen::InstanceFailure
E, [2020-09-12T21:18:01.295779 #79187] ERROR -- Kitchen: Message: Verify failed on instance <vanilla-rhel-7-couchbase-602-enterprise>.  Please see .kitchen/logs/vanilla-rhel-7-couchbase-602-enterprise.log for more details
E, [2020-09-12T21:18:01.295789 #79187] ERROR -- Kitchen: ----------------------
E, [2020-09-12T21:18:01.295798 #79187] ERROR -- Kitchen: ------Backtrace-------
E, [2020-09-12T21:18:01.295807 #79187] ERROR -- Kitchen: /opt/chef-workstation/embedded/lib/ruby/gems/2.7.0/gems/kitchen-inspec-2.0.0/lib/kitchen/verifier/inspec.rb:108:in `call'
E, [2020-09-12T21:18:01.295825 #79187] ERROR -- Kitchen: /opt/chef-workstation/embedded/lib/ruby/gems/2.7.0/gems/test-kitchen-2.6.0/lib/kitchen/instance.rb:458:in `block in verify_action'
E, [2020-09-12T21:18:01.295835 #79187] ERROR -- Kitchen: /opt/chef-workstation/embedded/lib/ruby/gems/2.7.0/gems/test-kitchen-2.6.0/lib/kitchen/instance.rb:551:in `synchronize_or_call'
E, [2020-09-12T21:18:01.295844 #79187] ERROR -- Kitchen: /opt/chef-workstation/embedded/lib/ruby/gems/2.7.0/gems/test-kitchen-2.6.0/lib/kitchen/instance.rb:513:in `block in action'
E, [2020-09-12T21:18:01.295854 #79187] ERROR -- Kitchen: /opt/chef-workstation/embedded/lib/ruby/2.7.0/benchmark.rb:293:in `measure'
E, [2020-09-12T21:18:01.295863 #79187] ERROR -- Kitchen: /opt/chef-workstation/embedded/lib/ruby/gems/2.7.0/gems/test-kitchen-2.6.0/lib/kitchen/instance.rb:512:in `action'
E, [2020-09-12T21:18:01.295873 #79187] ERROR -- Kitchen: /opt/chef-workstation/embedded/lib/ruby/gems/2.7.0/gems/test-kitchen-2.6.0/lib/kitchen/instance.rb:450:in `verify_action'
E, [2020-09-12T21:18:01.295890 #79187] ERROR -- Kitchen: /opt/chef-workstation/embedded/lib/ruby/gems/2.7.0/gems/test-kitchen-2.6.0/lib/kitchen/instance.rb:381:in `block (2 levels) in transition_to'
E, [2020-09-12T21:18:01.295901 #79187] ERROR -- Kitchen: /opt/chef-workstation/embedded/lib/ruby/gems/2.7.0/gems/test-kitchen-2.6.0/lib/kitchen/lifecycle_hooks.rb:44:in `run_with_hooks'
E, [2020-09-12T21:18:01.295910 #79187] ERROR -- Kitchen: /opt/chef-workstation/embedded/lib/ruby/gems/2.7.0/gems/test-kitchen-2.6.0/lib/kitchen/instance.rb:380:in `block in transition_to'
E, [2020-09-12T21:18:01.295920 #79187] ERROR -- Kitchen: /opt/chef-workstation/embedded/lib/ruby/gems/2.7.0/gems/test-kitchen-2.6.0/lib/kitchen/instance.rb:379:in `each'
E, [2020-09-12T21:18:01.295929 #79187] ERROR -- Kitchen: /opt/chef-workstation/embedded/lib/ruby/gems/2.7.0/gems/test-kitchen-2.6.0/lib/kitchen/instance.rb:379:in `transition_to'
E, [2020-09-12T21:18:01.295939 #79187] ERROR -- Kitchen: /opt/chef-workstation/embedded/lib/ruby/gems/2.7.0/gems/test-kitchen-2.6.0/lib/kitchen/instance.rb:161:in `verify'
E, [2020-09-12T21:18:01.295948 #79187] ERROR -- Kitchen: /opt/chef-workstation/embedded/lib/ruby/gems/2.7.0/gems/test-kitchen-2.6.0/lib/kitchen/command.rb:197:in `public_send'
E, [2020-09-12T21:18:01.295958 #79187] ERROR -- Kitchen: /opt/chef-workstation/embedded/lib/ruby/gems/2.7.0/gems/test-kitchen-2.6.0/lib/kitchen/command.rb:197:in `run_action_in_thread'
E, [2020-09-12T21:18:01.295967 #79187] ERROR -- Kitchen: /opt/chef-workstation/embedded/lib/ruby/gems/2.7.0/gems/test-kitchen-2.6.0/lib/kitchen/command.rb:168:in `block (2 levels) in run_action'
E, [2020-09-12T21:18:01.295977 #79187] ERROR -- Kitchen: /opt/chef-workstation/embedded/lib/ruby/gems/2.7.0/gems/logging-2.3.0/lib/logging/diagnostic_context.rb:474:in `block in create_with_logging_context'
E, [2020-09-12T21:18:01.295986 #79187] ERROR -- Kitchen: ----End Backtrace-----
E, [2020-09-12T21:18:01.295996 #79187] ERROR -- Kitchen: ---Nested Exception---
E, [2020-09-12T21:18:01.296004 #79187] ERROR -- Kitchen: Class: Kitchen::ActionFailed
E, [2020-09-12T21:18:01.296013 #79187] ERROR -- Kitchen: Message: InSpec Runner returns 1
E, [2020-09-12T21:18:01.296022 #79187] ERROR -- Kitchen: ----------------------
E, [2020-09-12T21:18:01.296031 #79187] ERROR -- Kitchen: ------Backtrace-------
E, [2020-09-12T21:18:01.296040 #79187] ERROR -- Kitchen: /opt/chef-workstation/embedded/lib/ruby/gems/2.7.0/gems/kitchen-inspec-2.0.0/lib/kitchen/verifier/inspec.rb:108:in `call'
E, [2020-09-12T21:18:01.296049 #79187] ERROR -- Kitchen: /opt/chef-workstation/embedded/lib/ruby/gems/2.7.0/gems/test-kitchen-2.6.0/lib/kitchen/instance.rb:458:in `block in verify_action'
E, [2020-09-12T21:18:01.296059 #79187] ERROR -- Kitchen: /opt/chef-workstation/embedded/lib/ruby/gems/2.7.0/gems/test-kitchen-2.6.0/lib/kitchen/instance.rb:551:in `synchronize_or_call'
E, [2020-09-12T21:18:01.296069 #79187] ERROR -- Kitchen: /opt/chef-workstation/embedded/lib/ruby/gems/2.7.0/gems/test-kitchen-2.6.0/lib/kitchen/instance.rb:513:in `block in action'
E, [2020-09-12T21:18:01.296078 #79187] ERROR -- Kitchen: /opt/chef-workstation/embedded/lib/ruby/2.7.0/benchmark.rb:293:in `measure'
E, [2020-09-12T21:18:01.296088 #79187] ERROR -- Kitchen: /opt/chef-workstation/embedded/lib/ruby/gems/2.7.0/gems/test-kitchen-2.6.0/lib/kitchen/instance.rb:512:in `action'
E, [2020-09-12T21:18:01.296097 #79187] ERROR -- Kitchen: /opt/chef-workstation/embedded/lib/ruby/gems/2.7.0/gems/test-kitchen-2.6.0/lib/kitchen/instance.rb:450:in `verify_action'
E, [2020-09-12T21:18:01.296107 #79187] ERROR -- Kitchen: /opt/chef-workstation/embedded/lib/ruby/gems/2.7.0/gems/test-kitchen-2.6.0/lib/kitchen/instance.rb:381:in `block (2 levels) in transition_to'
E, [2020-09-12T21:18:01.296116 #79187] ERROR -- Kitchen: /opt/chef-workstation/embedded/lib/ruby/gems/2.7.0/gems/test-kitchen-2.6.0/lib/kitchen/lifecycle_hooks.rb:44:in `run_with_hooks'
E, [2020-09-12T21:18:01.296126 #79187] ERROR -- Kitchen: /opt/chef-workstation/embedded/lib/ruby/gems/2.7.0/gems/test-kitchen-2.6.0/lib/kitchen/instance.rb:380:in `block in transition_to'
E, [2020-09-12T21:18:01.296143 #79187] ERROR -- Kitchen: /opt/chef-workstation/embedded/lib/ruby/gems/2.7.0/gems/test-kitchen-2.6.0/lib/kitchen/instance.rb:379:in `each'
E, [2020-09-12T21:18:01.296153 #79187] ERROR -- Kitchen: /opt/chef-workstation/embedded/lib/ruby/gems/2.7.0/gems/test-kitchen-2.6.0/lib/kitchen/instance.rb:379:in `transition_to'
E, [2020-09-12T21:18:01.296162 #79187] ERROR -- Kitchen: /opt/chef-workstation/embedded/lib/ruby/gems/2.7.0/gems/test-kitchen-2.6.0/lib/kitchen/instance.rb:161:in `verify'
E, [2020-09-12T21:18:01.296172 #79187] ERROR -- Kitchen: /opt/chef-workstation/embedded/lib/ruby/gems/2.7.0/gems/test-kitchen-2.6.0/lib/kitchen/command.rb:197:in `public_send'
E, [2020-09-12T21:18:01.296181 #79187] ERROR -- Kitchen: /opt/chef-workstation/embedded/lib/ruby/gems/2.7.0/gems/test-kitchen-2.6.0/lib/kitchen/command.rb:197:in `run_action_in_thread'
E, [2020-09-12T21:18:01.296191 #79187] ERROR -- Kitchen: /opt/chef-workstation/embedded/lib/ruby/gems/2.7.0/gems/test-kitchen-2.6.0/lib/kitchen/command.rb:168:in `block (2 levels) in run_action'
E, [2020-09-12T21:18:01.296201 #79187] ERROR -- Kitchen: /opt/chef-workstation/embedded/lib/ruby/gems/2.7.0/gems/logging-2.3.0/lib/logging/diagnostic_context.rb:474:in `block in create_with_logging_context'
E, [2020-09-12T21:18:01.296210 #79187] ERROR -- Kitchen: ----End Backtrace-----
E, [2020-09-12T21:18:01.296219 #79187] ERROR -- Kitchen: -Composite Exception--
E, [2020-09-12T21:18:01.296228 #79187] ERROR -- Kitchen: Class: Kitchen::InstanceFailure
E, [2020-09-12T21:18:01.296238 #79187] ERROR -- Kitchen: Message: Verify failed on instance <vanilla-rhel-7-couchbase-660-enterprise>.  Please see .kitchen/logs/vanilla-rhel-7-couchbase-660-enterprise.log for more details
E, [2020-09-12T21:18:01.296247 #79187] ERROR -- Kitchen: ----------------------
E, [2020-09-12T21:18:01.296256 #79187] ERROR -- Kitchen: ------Backtrace-------
E, [2020-09-12T21:18:01.296275 #79187] ERROR -- Kitchen: /opt/chef-workstation/embedded/lib/ruby/gems/2.7.0/gems/kitchen-inspec-2.0.0/lib/kitchen/verifier/inspec.rb:108:in `call'
E, [2020-09-12T21:18:01.296284 #79187] ERROR -- Kitchen: /opt/chef-workstation/embedded/lib/ruby/gems/2.7.0/gems/test-kitchen-2.6.0/lib/kitchen/instance.rb:458:in `block in verify_action'
E, [2020-09-12T21:18:01.296294 #79187] ERROR -- Kitchen: /opt/chef-workstation/embedded/lib/ruby/gems/2.7.0/gems/test-kitchen-2.6.0/lib/kitchen/instance.rb:551:in `synchronize_or_call'
E, [2020-09-12T21:18:01.296304 #79187] ERROR -- Kitchen: /opt/chef-workstation/embedded/lib/ruby/gems/2.7.0/gems/test-kitchen-2.6.0/lib/kitchen/instance.rb:513:in `block in action'
E, [2020-09-12T21:18:01.296313 #79187] ERROR -- Kitchen: /opt/chef-workstation/embedded/lib/ruby/2.7.0/benchmark.rb:293:in `measure'
E, [2020-09-12T21:18:01.296323 #79187] ERROR -- Kitchen: /opt/chef-workstation/embedded/lib/ruby/gems/2.7.0/gems/test-kitchen-2.6.0/lib/kitchen/instance.rb:512:in `action'
E, [2020-09-12T21:18:01.296332 #79187] ERROR -- Kitchen: /opt/chef-workstation/embedded/lib/ruby/gems/2.7.0/gems/test-kitchen-2.6.0/lib/kitchen/instance.rb:450:in `verify_action'
E, [2020-09-12T21:18:01.296342 #79187] ERROR -- Kitchen: /opt/chef-workstation/embedded/lib/ruby/gems/2.7.0/gems/test-kitchen-2.6.0/lib/kitchen/instance.rb:381:in `block (2 levels) in transition_to'
E, [2020-09-12T21:18:01.296351 #79187] ERROR -- Kitchen: /opt/chef-workstation/embedded/lib/ruby/gems/2.7.0/gems/test-kitchen-2.6.0/lib/kitchen/lifecycle_hooks.rb:44:in `run_with_hooks'
E, [2020-09-12T21:18:01.296361 #79187] ERROR -- Kitchen: /opt/chef-workstation/embedded/lib/ruby/gems/2.7.0/gems/test-kitchen-2.6.0/lib/kitchen/instance.rb:380:in `block in transition_to'
E, [2020-09-12T21:18:01.296370 #79187] ERROR -- Kitchen: /opt/chef-workstation/embedded/lib/ruby/gems/2.7.0/gems/test-kitchen-2.6.0/lib/kitchen/instance.rb:379:in `each'
E, [2020-09-12T21:18:01.296380 #79187] ERROR -- Kitchen: /opt/chef-workstation/embedded/lib/ruby/gems/2.7.0/gems/test-kitchen-2.6.0/lib/kitchen/instance.rb:379:in `transition_to'
E, [2020-09-12T21:18:01.296397 #79187] ERROR -- Kitchen: /opt/chef-workstation/embedded/lib/ruby/gems/2.7.0/gems/test-kitchen-2.6.0/lib/kitchen/instance.rb:161:in `verify'
E, [2020-09-12T21:18:01.296407 #79187] ERROR -- Kitchen: /opt/chef-workstation/embedded/lib/ruby/gems/2.7.0/gems/test-kitchen-2.6.0/lib/kitchen/command.rb:197:in `public_send'
E, [2020-09-12T21:18:01.296417 #79187] ERROR -- Kitchen: /opt/chef-workstation/embedded/lib/ruby/gems/2.7.0/gems/test-kitchen-2.6.0/lib/kitchen/command.rb:197:in `run_action_in_thread'
E, [2020-09-12T21:18:01.296426 #79187] ERROR -- Kitchen: /opt/chef-workstation/embedded/lib/ruby/gems/2.7.0/gems/test-kitchen-2.6.0/lib/kitchen/command.rb:168:in `block (2 levels) in run_action'
E, [2020-09-12T21:18:01.296436 #79187] ERROR -- Kitchen: /opt/chef-workstation/embedded/lib/ruby/gems/2.7.0/gems/logging-2.3.0/lib/logging/diagnostic_context.rb:474:in `block in create_with_logging_context'
E, [2020-09-12T21:18:01.296445 #79187] ERROR -- Kitchen: ----End Backtrace-----
E, [2020-09-12T21:18:01.296455 #79187] ERROR -- Kitchen: ---Nested Exception---
E, [2020-09-12T21:18:01.296464 #79187] ERROR -- Kitchen: Class: Kitchen::ActionFailed
E, [2020-09-12T21:18:01.296473 #79187] ERROR -- Kitchen: Message: InSpec Runner returns 1
E, [2020-09-12T21:18:01.296482 #79187] ERROR -- Kitchen: ----------------------
E, [2020-09-12T21:18:01.296491 #79187] ERROR -- Kitchen: ------Backtrace-------
E, [2020-09-12T21:18:01.296499 #79187] ERROR -- Kitchen: /opt/chef-workstation/embedded/lib/ruby/gems/2.7.0/gems/kitchen-inspec-2.0.0/lib/kitchen/verifier/inspec.rb:108:in `call'
E, [2020-09-12T21:18:01.296509 #79187] ERROR -- Kitchen: /opt/chef-workstation/embedded/lib/ruby/gems/2.7.0/gems/test-kitchen-2.6.0/lib/kitchen/instance.rb:458:in `block in verify_action'
E, [2020-09-12T21:18:01.296518 #79187] ERROR -- Kitchen: /opt/chef-workstation/embedded/lib/ruby/gems/2.7.0/gems/test-kitchen-2.6.0/lib/kitchen/instance.rb:551:in `synchronize_or_call'
E, [2020-09-12T21:18:01.296528 #79187] ERROR -- Kitchen: /opt/chef-workstation/embedded/lib/ruby/gems/2.7.0/gems/test-kitchen-2.6.0/lib/kitchen/instance.rb:513:in `block in action'
E, [2020-09-12T21:18:01.296537 #79187] ERROR -- Kitchen: /opt/chef-workstation/embedded/lib/ruby/2.7.0/benchmark.rb:293:in `measure'
E, [2020-09-12T21:18:01.296547 #79187] ERROR -- Kitchen: /opt/chef-workstation/embedded/lib/ruby/gems/2.7.0/gems/test-kitchen-2.6.0/lib/kitchen/instance.rb:512:in `action'
E, [2020-09-12T21:18:01.296556 #79187] ERROR -- Kitchen: /opt/chef-workstation/embedded/lib/ruby/gems/2.7.0/gems/test-kitchen-2.6.0/lib/kitchen/instance.rb:450:in `verify_action'
E, [2020-09-12T21:18:01.296566 #79187] ERROR -- Kitchen: /opt/chef-workstation/embedded/lib/ruby/gems/2.7.0/gems/test-kitchen-2.6.0/lib/kitchen/instance.rb:381:in `block (2 levels) in transition_to'
E, [2020-09-12T21:18:01.296575 #79187] ERROR -- Kitchen: /opt/chef-workstation/embedded/lib/ruby/gems/2.7.0/gems/test-kitchen-2.6.0/lib/kitchen/lifecycle_hooks.rb:44:in `run_with_hooks'
E, [2020-09-12T21:18:01.296585 #79187] ERROR -- Kitchen: /opt/chef-workstation/embedded/lib/ruby/gems/2.7.0/gems/test-kitchen-2.6.0/lib/kitchen/instance.rb:380:in `block in transition_to'
E, [2020-09-12T21:18:01.296594 #79187] ERROR -- Kitchen: /opt/chef-workstation/embedded/lib/ruby/gems/2.7.0/gems/test-kitchen-2.6.0/lib/kitchen/instance.rb:379:in `each'
E, [2020-09-12T21:18:01.296603 #79187] ERROR -- Kitchen: /opt/chef-workstation/embedded/lib/ruby/gems/2.7.0/gems/test-kitchen-2.6.0/lib/kitchen/instance.rb:379:in `transition_to'
E, [2020-09-12T21:18:01.296613 #79187] ERROR -- Kitchen: /opt/chef-workstation/embedded/lib/ruby/gems/2.7.0/gems/test-kitchen-2.6.0/lib/kitchen/instance.rb:161:in `verify'
E, [2020-09-12T21:18:01.296622 #79187] ERROR -- Kitchen: /opt/chef-workstation/embedded/lib/ruby/gems/2.7.0/gems/test-kitchen-2.6.0/lib/kitchen/command.rb:197:in `public_send'
E, [2020-09-12T21:18:01.296631 #79187] ERROR -- Kitchen: /opt/chef-workstation/embedded/lib/ruby/gems/2.7.0/gems/test-kitchen-2.6.0/lib/kitchen/command.rb:197:in `run_action_in_thread'
E, [2020-09-12T21:18:01.296649 #79187] ERROR -- Kitchen: /opt/chef-workstation/embedded/lib/ruby/gems/2.7.0/gems/test-kitchen-2.6.0/lib/kitchen/command.rb:168:in `block (2 levels) in run_action'
E, [2020-09-12T21:18:01.296659 #79187] ERROR -- Kitchen: /opt/chef-workstation/embedded/lib/ruby/gems/2.7.0/gems/logging-2.3.0/lib/logging/diagnostic_context.rb:474:in `block in create_with_logging_context'
E, [2020-09-12T21:18:01.296669 #79187] ERROR -- Kitchen: ----End Backtrace-----
